# JRE version: Java(TM) SE Runtime Environment Oracle GraalVM 21.0.5+9.1 (21.0.5+9) (build 21.0.5+9-LTS-jvmci-23.1-b48)
# Java VM: Java HotSpot(TM) 64-Bit Server VM Oracle GraalVM 21.0.5+9.1 (21.0.5+9-LTS-jvmci-23.1-b48, mixed mode, sharing, tiered, jvmci, jvmci compiler, compressed oops, compressed class ptrs, g1 gc, windows-amd64)
GC Precious Log:
 CardTable entry size: 512
 Card Set container configuration: InlinePtr #cards 5 size 8 Array Of Cards #cards 12 size 40 Howl #buckets 4 coarsen threshold 1843 Howl Bitmap #cards 512 size 80 coarsen threshold 460 Card regions per heap region 1 cards per card region 2048
 CPUs: 12 total, 12 available
 Memory: 16304M
 Large Page Support: Disabled
 NUMA Support: Disabled
 Compressed Oops: Enabled (32-bit)
 Heap Region Size: 1M
 Heap Min Capacity: 256M
 Heap Initial Capacity: 256M
 Heap Max Capacity: 512M
 Pre-touch: Disabled
 Parallel Workers: 10
 Concurrent Workers: 3
 Concurrent Refinement Workers: 10
 Periodic GC: Disabled
Heap:
 garbage-first heap   total 416768K, used 381069K [0x00000000e0000000, 0x0000000100000000)
  region size 1024K, 134 young (137216K), 6 survivors (6144K)
 Metaspace       used 180275K, committed 182912K, reserved 524288K
  class space    used 21543K, committed 23296K, reserved 327680K
GC Heap History (20 events):
Event: 22.820 GC heap after
{Heap after GC invocations=33 (full 0):
 garbage-first heap   total 326656K, used 181226K [0x00000000e0000000, 0x0000000100000000)
  region size 1024K, 5 young (5120K), 5 survivors (5120K)
 Metaspace       used 158981K, committed 161728K, reserved 524288K
  class space    used 20036K, committed 21376K, reserved 327680K
}
Event: 37.095 GC heap before
{Heap before GC invocations=33 (full 0):
 garbage-first heap   total 326656K, used 313322K [0x00000000e0000000, 0x0000000100000000)
  region size 1024K, 119 young (121856K), 5 survivors (5120K)
 Metaspace       used 160044K, committed 162752K, reserved 524288K
  class space    used 20120K, committed 21440K, reserved 327680K
}
Event: 37.106 GC heap after
{Heap after GC invocations=34 (full 0):
 garbage-first heap   total 337920K, used 202600K [0x00000000e0000000, 0x0000000100000000)
  region size 1024K, 15 young (15360K), 15 survivors (15360K)
 Metaspace       used 160044K, committed 162752K, reserved 524288K
  class space    used 20120K, committed 21440K, reserved 327680K
}
Event: 37.304 GC heap before
{Heap before GC invocations=34 (full 0):
 garbage-first heap   total 337920K, used 240488K [0x00000000e0000000, 0x0000000100000000)
  region size 1024K, 53 young (54272K), 15 survivors (15360K)
 Metaspace       used 160445K, committed 163136K, reserved 524288K
  class space    used 20122K, committed 21440K, reserved 327680K
}
Event: 37.312 GC heap after
{Heap after GC invocations=35 (full 0):
 garbage-first heap   total 337920K, used 211449K [0x00000000e0000000, 0x0000000100000000)
  region size 1024K, 8 young (8192K), 8 survivors (8192K)
 Metaspace       used 160445K, committed 163136K, reserved 524288K
  class space    used 20122K, committed 21440K, reserved 327680K
}
Event: 37.887 GC heap before
{Heap before GC invocations=36 (full 0):
 garbage-first heap   total 396288K, used 305657K [0x00000000e0000000, 0x0000000100000000)
  region size 1024K, 99 young (101376K), 8 survivors (8192K)
 Metaspace       used 162665K, committed 165312K, reserved 524288K
  class space    used 20198K, committed 21504K, reserved 327680K
}
Event: 37.889 GC heap after
{Heap after GC invocations=37 (full 0):
 garbage-first heap   total 396288K, used 202678K [0x00000000e0000000, 0x0000000100000000)
  region size 1024K, 6 young (6144K), 6 survivors (6144K)
 Metaspace       used 162665K, committed 165312K, reserved 524288K
  class space    used 20198K, committed 21504K, reserved 327680K
}
Event: 173.048 GC heap before
{Heap before GC invocations=37 (full 0):
 garbage-first heap   total 396288K, used 352182K [0x00000000e0000000, 0x0000000100000000)
  region size 1024K, 153 young (156672K), 6 survivors (6144K)
 Metaspace       used 167863K, committed 170688K, reserved 524288K
  class space    used 20711K, committed 22144K, reserved 327680K
}
Event: 173.055 GC heap after
{Heap after GC invocations=38 (full 0):
 garbage-first heap   total 396288K, used 204616K [0x00000000e0000000, 0x0000000100000000)
  region size 1024K, 12 young (12288K), 12 survivors (12288K)
 Metaspace       used 167863K, committed 170688K, reserved 524288K
  class space    used 20711K, committed 22144K, reserved 327680K
}
Event: 186.855 GC heap before
{Heap before GC invocations=38 (full 0):
 garbage-first heap   total 396288K, used 309064K [0x00000000e0000000, 0x0000000100000000)
  region size 1024K, 116 young (118784K), 12 survivors (12288K)
 Metaspace       used 171331K, committed 174208K, reserved 524288K
  class space    used 21082K, committed 22528K, reserved 327680K
}
Event: 186.861 GC heap after
{Heap after GC invocations=39 (full 0):
 garbage-first heap   total 396288K, used 208121K [0x00000000e0000000, 0x0000000100000000)
  region size 1024K, 12 young (12288K), 12 survivors (12288K)
 Metaspace       used 171331K, committed 174208K, reserved 524288K
  class space    used 21082K, committed 22528K, reserved 327680K
}
Event: 187.375 GC heap before
{Heap before GC invocations=40 (full 0):
 garbage-first heap   total 416768K, used 378105K [0x00000000e0000000, 0x0000000100000000)
  region size 1024K, 162 young (165888K), 12 survivors (12288K)
 Metaspace       used 171938K, committed 174848K, reserved 524288K
  class space    used 21086K, committed 22528K, reserved 327680K
}
Event: 187.386 GC heap after
{Heap after GC invocations=41 (full 0):
 garbage-first heap   total 416768K, used 230887K [0x00000000e0000000, 0x0000000100000000)
  region size 1024K, 21 young (21504K), 21 survivors (21504K)
 Metaspace       used 171938K, committed 174848K, reserved 524288K
  class space    used 21086K, committed 22528K, reserved 327680K
}
Event: 189.002 GC heap before
{Heap before GC invocations=41 (full 0):
 garbage-first heap   total 416768K, used 372199K [0x00000000e0000000, 0x0000000100000000)
  region size 1024K, 160 young (163840K), 21 survivors (21504K)
 Metaspace       used 176723K, committed 179712K, reserved 524288K
  class space    used 21538K, committed 22976K, reserved 327680K
}
Event: 189.014 GC heap after
{Heap after GC invocations=42 (full 0):
 garbage-first heap   total 416768K, used 232824K [0x00000000e0000000, 0x0000000100000000)
  region size 1024K, 12 young (12288K), 12 survivors (12288K)
 Metaspace       used 176723K, committed 179712K, reserved 524288K
  class space    used 21538K, committed 22976K, reserved 327680K
}
Event: 557.304 GC heap before
{Heap before GC invocations=42 (full 0):
 garbage-first heap   total 416768K, used 377208K [0x00000000e0000000, 0x0000000100000000)
  region size 1024K, 154 young (157696K), 12 survivors (12288K)
 Metaspace       used 180018K, committed 183104K, reserved 524288K
  class space    used 21913K, committed 23424K, reserved 327680K
}
Event: 557.313 GC heap after
{Heap after GC invocations=43 (full 0):
 garbage-first heap   total 416768K, used 244695K [0x00000000e0000000, 0x0000000100000000)
  region size 1024K, 12 young (12288K), 12 survivors (12288K)
 Metaspace       used 180018K, committed 183104K, reserved 524288K
  class space    used 21913K, committed 23424K, reserved 327680K
}
Event: 854.226 GC heap before
{Heap before GC invocations=44 (full 0):
 garbage-first heap   total 416768K, used 377815K [0x00000000e0000000, 0x0000000100000000)
  region size 1024K, 146 young (149504K), 12 survivors (12288K)
 Metaspace       used 177906K, committed 182080K, reserved 524288K
  class space    used 21282K, committed 23296K, reserved 327680K
}
Event: 854.234 GC heap after
{Heap after GC invocations=45 (full 0):
 garbage-first heap   total 416768K, used 249997K [0x00000000e0000000, 0x0000000100000000)
  region size 1024K, 13 young (13312K), 13 survivors (13312K)
 Metaspace       used 177906K, committed 182080K, reserved 524288K
  class space    used 21282K, committed 23296K, reserved 327680K
}
Event: 901.909 GC heap before
{Heap before GC invocations=45 (full 0):
 garbage-first heap   total 416768K, used 380045K [0x00000000e0000000, 0x0000000100000000)
  region size 1024K, 141 young (144384K), 13 survivors (13312K)
 Metaspace       used 180275K, committed 182912K, reserved 524288K
  class space    used 21543K, committed 23296K, reserved 327680K
}

